<?xml version="1.0" encoding="UTF-8"?>
<!-- Generated by org.testng.reporters.JUnitReportReporter -->
<testsuite hostname="DESKTOP-HIN4ESK" failures="0" tests="3" name="tests.logintest" time="16.903" errors="0" timestamp="2024-08-20T19:41:14 IST" skipped="0">
  <testcase classname="tests.logintest" name="logintestcases" time="4.303"/>
  <testcase classname="tests.logintest" name="logintestcases" time="2.954"/>
  <testcase classname="tests.logintest" name="logintestcases" time="9.646"/>
</testsuite> <!-- tests.logintest -->
